0 info it worked if it ends with ok
1 verbose cli [ 'C:\\Program Files\\nodejs\\node.exe',
1 verbose cli   'C:\\Program Files\\nodejs\\node_modules\\npm\\bin\\npm-cli.js',
1 verbose cli   'run',
1 verbose cli   'bot' ]
2 info using npm@4.0.5
3 info using node@v7.4.0
4 verbose run-script [ 'prebot', 'bot', 'postbot' ]
5 info lifecycle polluxbot@0.0.0~prebot: polluxbot@0.0.0
6 silly lifecycle polluxbot@0.0.0~prebot: no script for prebot, continuing
7 info lifecycle polluxbot@0.0.0~bot: polluxbot@0.0.0
8 verbose lifecycle polluxbot@0.0.0~bot: unsafe-perm in lifecycle true
9 verbose lifecycle polluxbot@0.0.0~bot: PATH: C:\Program Files\nodejs\node_modules\npm\bin\node-gyp-bin;C:\Users\Flicky\Desktop\GitHub\pollux\node_modules\.bin;C:\Program Files (x86)\Common Files\Intel\Shared Libraries\redist\intel64\compiler;C:\ProgramData\Oracle\Java\javapath;C:\Python27;C:\WINDOWS\system32;C:\WINDOWS;C:\WINDOWS\System32\Wbem;C:\WINDOWS\System32\WindowsPowerShell\v1.0\;C:\Program Files (x86)\Skype\Phone\;C:\Program Files (x86)\Brackets\command;C:\Program Files (x86)\Windows Kits\8.1\Windows Performance Toolkit\;C:\Program Files\nodejs\;C:\Program Files\Git\cmd;C:\Users\Flicky\AppData\Local\Microsoft\WindowsApps;C:\Users\Flicky\AppData\Local\Gource\cmd;C:\Users\Flicky\AppData\Roaming\npm;C:\Program Files\Heroku\bin
10 verbose lifecycle polluxbot@0.0.0~bot: CWD: C:\Users\Flicky\Desktop\GitHub\pollux
11 silly lifecycle polluxbot@0.0.0~bot: Args: [ '/d /s /c', 'node --harmony index.js' ]
12 silly lifecycle polluxbot@0.0.0~bot: Returned: code: 1  signal: null
13 info lifecycle polluxbot@0.0.0~bot: Failed to exec bot script
14 verbose stack Error: polluxbot@0.0.0 bot: `node --harmony index.js`
14 verbose stack Exit status 1
14 verbose stack     at EventEmitter.<anonymous> (C:\Program Files\nodejs\node_modules\npm\lib\utils\lifecycle.js:279:16)
14 verbose stack     at emitTwo (events.js:106:13)
14 verbose stack     at EventEmitter.emit (events.js:191:7)
14 verbose stack     at ChildProcess.<anonymous> (C:\Program Files\nodejs\node_modules\npm\lib\utils\spawn.js:40:14)
14 verbose stack     at emitTwo (events.js:106:13)
14 verbose stack     at ChildProcess.emit (events.js:191:7)
14 verbose stack     at maybeClose (internal/child_process.js:885:16)
14 verbose stack     at Process.ChildProcess._handle.onexit (internal/child_process.js:226:5)
15 verbose pkgid polluxbot@0.0.0
16 verbose cwd C:\Users\Flicky\Desktop\GitHub\pollux
17 error Windows_NT 10.0.14393
18 error argv "C:\\Program Files\\nodejs\\node.exe" "C:\\Program Files\\nodejs\\node_modules\\npm\\bin\\npm-cli.js" "run" "bot"
19 error node v7.4.0
20 error npm  v4.0.5
21 error code ELIFECYCLE
22 error polluxbot@0.0.0 bot: `node --harmony index.js`
22 error Exit status 1
23 error Failed at the polluxbot@0.0.0 bot script 'node --harmony index.js'.
23 error Make sure you have the latest version of node.js and npm installed.
23 error If you do, this is most likely a problem with the polluxbot package,
23 error not with npm itself.
23 error Tell the author that this fails on your system:
23 error     node --harmony index.js
23 error You can get information on how to open an issue for this project with:
23 error     npm bugs polluxbot
23 error Or if that isn't available, you can get their info via:
23 error     npm owner ls polluxbot
23 error There is likely additional logging output above.
24 verbose exit [ 1, true ]
